# JRE version: Java(TM) SE Runtime Environment (8.0_401) (build 1.8.0_401-b10)
# Java VM: Java HotSpot(TM) 64-Bit Server VM (25.401-b10 mixed mode windows-amd64 compressed oops)
Heap:
 PSYoungGen      total 258048K, used 239621K [0x0000000715b80000, 0x000000072b180000, 0x00000007c0000000)
  eden space 236544K, 92% used [0x0000000715b80000,0x00000007230a5b10,0x0000000724280000)
  from space 21504K, 99% used [0x0000000729c80000,0x000000072b15bc80,0x000000072b180000)
  to   space 46080K, 0% used [0x0000000725780000,0x0000000725780000,0x0000000728480000)
 ParOldGen       total 249856K, used 48651K [0x00000005c1200000, 0x00000005d0600000, 0x0000000715b80000)
  object space 249856K, 19% used [0x00000005c1200000,0x00000005c4182e48,0x00000005d0600000)
 Metaspace       used 32397K, capacity 32762K, committed 33280K, reserved 1077248K
  class space    used 4432K, capacity 4553K, committed 4608K, reserved 1048576K
GC Heap History (10 events):
Event: 8.824 GC heap before
{Heap before GC invocations=8 (full 2):
 PSYoungGen      total 125952K, used 21477K [0x0000000715b80000, 0x0000000723800000, 0x00000007c0000000)
  eden space 104448K, 0% used [0x0000000715b80000,0x0000000715b80000,0x000000071c180000)
  from space 21504K, 99% used [0x000000071f100000,0x00000007205f9518,0x0000000720600000)
  to   space 48640K, 0% used [0x000000071c180000,0x000000071c180000,0x000000071f100000)
 ParOldGen       total 349696K, used 58322K [0x00000005c1200000, 0x00000005d6780000, 0x0000000715b80000)
  object space 349696K, 16% used [0x00000005c1200000,0x00000005c4af4878,0x00000005d6780000)
 Metaspace       used 22447K, capacity 22714K, committed 23040K, reserved 1069056K
  class space    used 2726K, capacity 2823K, committed 2944K, reserved 1048576K
Event: 8.859 GC heap after
Heap after GC invocations=8 (full 2):
 PSYoungGen      total 125952K, used 0K [0x0000000715b80000, 0x0000000723800000, 0x00000007c0000000)
  eden space 104448K, 0% used [0x0000000715b80000,0x0000000715b80000,0x000000071c180000)
  from space 21504K, 0% used [0x000000071f100000,0x000000071f100000,0x0000000720600000)
  to   space 48640K, 0% used [0x000000071c180000,0x000000071c180000,0x000000071f100000)
 ParOldGen       total 249856K, used 47034K [0x00000005c1200000, 0x00000005d0600000, 0x0000000715b80000)
  object space 249856K, 18% used [0x00000005c1200000,0x00000005c3feebb8,0x00000005d0600000)
 Metaspace       used 22447K, capacity 22714K, committed 23040K, reserved 1069056K
  class space    used 2726K, capacity 2823K, committed 2944K, reserved 1048576K
}
Event: 9.446 GC heap before
{Heap before GC invocations=9 (full 2):
 PSYoungGen      total 125952K, used 104448K [0x0000000715b80000, 0x0000000723800000, 0x00000007c0000000)
  eden space 104448K, 100% used [0x0000000715b80000,0x000000071c180000,0x000000071c180000)
  from space 21504K, 0% used [0x000000071f100000,0x000000071f100000,0x0000000720600000)
  to   space 48640K, 0% used [0x000000071c180000,0x000000071c180000,0x000000071f100000)
 ParOldGen       total 249856K, used 47034K [0x00000005c1200000, 0x00000005d0600000, 0x0000000715b80000)
  object space 249856K, 18% used [0x00000005c1200000,0x00000005c3feebb8,0x00000005d0600000)
 Metaspace       used 23948K, capacity 24288K, committed 24576K, reserved 1071104K
  class space    used 2936K, capacity 3050K, committed 3072K, reserved 1048576K
Event: 9.448 GC heap after
Heap after GC invocations=9 (full 2):
 PSYoungGen      total 153088K, used 3201K [0x0000000715b80000, 0x0000000726300000, 0x00000007c0000000)
  eden space 104448K, 0% used [0x0000000715b80000,0x0000000715b80000,0x000000071c180000)
  from space 48640K, 6% used [0x000000071c180000,0x000000071c4a0668,0x000000071f100000)
  to   space 51200K, 0% used [0x0000000723100000,0x0000000723100000,0x0000000726300000)
 ParOldGen       total 249856K, used 47042K [0x00000005c1200000, 0x00000005d0600000, 0x0000000715b80000)
  object space 249856K, 18% used [0x00000005c1200000,0x00000005c3ff0bb8,0x00000005d0600000)
 Metaspace       used 23948K, capacity 24288K, committed 24576K, reserved 1071104K
  class space    used 2936K, capacity 3050K, committed 3072K, reserved 1048576K
}
Event: 9.935 GC heap before
{Heap before GC invocations=10 (full 2):
 PSYoungGen      total 153088K, used 107649K [0x0000000715b80000, 0x0000000726300000, 0x00000007c0000000)
  eden space 104448K, 100% used [0x0000000715b80000,0x000000071c180000,0x000000071c180000)
  from space 48640K, 6% used [0x000000071c180000,0x000000071c4a0668,0x000000071f100000)
  to   space 51200K, 0% used [0x0000000723100000,0x0000000723100000,0x0000000726300000)
 ParOldGen       total 249856K, used 47042K [0x00000005c1200000, 0x00000005d0600000, 0x0000000715b80000)
  object space 249856K, 18% used [0x00000005c1200000,0x00000005c3ff0bb8,0x00000005d0600000)
 Metaspace       used 24643K, capacity 24960K, committed 25472K, reserved 1071104K
  class space    used 3057K, capacity 3146K, committed 3200K, reserved 1048576K
Event: 9.941 GC heap after
Heap after GC invocations=10 (full 2):
 PSYoungGen      total 219136K, used 10368K [0x0000000715b80000, 0x0000000726680000, 0x00000007c0000000)
  eden space 167936K, 0% used [0x0000000715b80000,0x0000000715b80000,0x000000071ff80000)
  from space 51200K, 20% used [0x0000000723100000,0x0000000723b20260,0x0000000726300000)
  to   space 50688K, 0% used [0x000000071ff80000,0x000000071ff80000,0x0000000723100000)
 ParOldGen       total 249856K, used 47050K [0x00000005c1200000, 0x00000005d0600000, 0x0000000715b80000)
  object space 249856K, 18% used [0x00000005c1200000,0x00000005c3ff2bb8,0x00000005d0600000)
 Metaspace       used 24643K, capacity 24960K, committed 25472K, reserved 1071104K
  class space    used 3057K, capacity 3146K, committed 3200K, reserved 1048576K
}
Event: 10.741 GC heap before
{Heap before GC invocations=11 (full 2):
 PSYoungGen      total 219136K, used 178304K [0x0000000715b80000, 0x0000000726680000, 0x00000007c0000000)
  eden space 167936K, 100% used [0x0000000715b80000,0x000000071ff80000,0x000000071ff80000)
  from space 51200K, 20% used [0x0000000723100000,0x0000000723b20260,0x0000000726300000)
  to   space 50688K, 0% used [0x000000071ff80000,0x000000071ff80000,0x0000000723100000)
 ParOldGen       total 249856K, used 47050K [0x00000005c1200000, 0x00000005d0600000, 0x0000000715b80000)
  object space 249856K, 18% used [0x00000005c1200000,0x00000005c3ff2bb8,0x00000005d0600000)
 Metaspace       used 26406K, capacity 26694K, committed 27136K, reserved 1073152K
  class space    used 3434K, capacity 3531K, committed 3584K, reserved 1048576K
Event: 10.753 GC heap after
Heap after GC invocations=11 (full 2):
 PSYoungGen      total 218624K, used 19287K [0x0000000715b80000, 0x000000072cb80000, 0x00000007c0000000)
  eden space 167936K, 0% used [0x0000000715b80000,0x0000000715b80000,0x000000071ff80000)
  from space 50688K, 38% used [0x000000071ff80000,0x0000000721255d48,0x0000000723100000)
  to   space 48128K, 0% used [0x0000000729c80000,0x0000000729c80000,0x000000072cb80000)
 ParOldGen       total 249856K, used 47058K [0x00000005c1200000, 0x00000005d0600000, 0x0000000715b80000)
  object space 249856K, 18% used [0x00000005c1200000,0x00000005c3ff4bb8,0x00000005d0600000)
 Metaspace       used 26406K, capacity 26694K, committed 27136K, reserved 1073152K
  class space    used 3434K, capacity 3531K, committed 3584K, reserved 1048576K
}
Event: 11.618 GC heap before
{Heap before GC invocations=12 (full 2):
 PSYoungGen      total 218624K, used 187223K [0x0000000715b80000, 0x000000072cb80000, 0x00000007c0000000)
  eden space 167936K, 100% used [0x0000000715b80000,0x000000071ff80000,0x000000071ff80000)
  from space 50688K, 38% used [0x000000071ff80000,0x0000000721255d48,0x0000000723100000)
  to   space 48128K, 0% used [0x0000000729c80000,0x0000000729c80000,0x000000072cb80000)
 ParOldGen       total 249856K, used 47058K [0x00000005c1200000, 0x00000005d0600000, 0x0000000715b80000)
  object space 249856K, 18% used [0x00000005c1200000,0x00000005c3ff4bb8,0x00000005d0600000)
 Metaspace       used 29023K, capacity 29350K, committed 29696K, reserved 1075200K
  class space    used 3968K, capacity 4075K, committed 4096K, reserved 1048576K
Event: 11.628 GC heap after
Heap after GC invocations=12 (full 2):
 PSYoungGen      total 258048K, used 21359K [0x0000000715b80000, 0x000000072b180000, 0x00000007c0000000)
  eden space 236544K, 0% used [0x0000000715b80000,0x0000000715b80000,0x0000000724280000)
  from space 21504K, 99% used [0x0000000729c80000,0x000000072b15bc80,0x000000072b180000)
  to   space 46080K, 0% used [0x0000000725780000,0x0000000725780000,0x0000000728480000)
 ParOldGen       total 249856K, used 48651K [0x00000005c1200000, 0x00000005d0600000, 0x0000000715b80000)
  object space 249856K, 19% used [0x00000005c1200000,0x00000005c4182e48,0x00000005d0600000)
 Metaspace       used 29023K, capacity 29350K, committed 29696K, reserved 1075200K
  class space    used 3968K, capacity 4075K, committed 4096K, reserved 1048576K
}

