# JRE version: Java(TM) SE Runtime Environment (8.0_401) (build 1.8.0_401-b10)
# Java VM: Java HotSpot(TM) 64-Bit Server VM (25.401-b10 mixed mode windows-amd64 compressed oops)
Heap:
 PSYoungGen      total 265728K, used 226591K [0x0000000715b80000, 0x000000072ba00000, 0x00000007c0000000)
  eden space 243712K, 84% used [0x0000000715b80000,0x0000000722396d38,0x0000000724980000)
  from space 22016K, 98% used [0x000000072a480000,0x000000072b9b0f80,0x000000072ba00000)
  to   space 45568K, 0% used [0x0000000726100000,0x0000000726100000,0x0000000728d80000)
 ParOldGen       total 244736K, used 48749K [0x00000005c1200000, 0x00000005d0100000, 0x0000000715b80000)
  object space 244736K, 19% used [0x00000005c1200000,0x00000005c419b4d0,0x00000005d0100000)
 Metaspace       used 32389K, capacity 32766K, committed 33280K, reserved 1077248K
  class space    used 4432K, capacity 4553K, committed 4608K, reserved 1048576K
GC Heap History (10 events):
Event: 8.011 GC heap before
{Heap before GC invocations=8 (full 2):
 PSYoungGen      total 125952K, used 21497K [0x0000000715b80000, 0x000000072bb80000, 0x00000007c0000000)
  eden space 104448K, 0% used [0x0000000715b80000,0x0000000715b80000,0x000000071c180000)
  from space 21504K, 99% used [0x000000071f100000,0x00000007205fe748,0x0000000720600000)
  to   space 48640K, 0% used [0x000000071c180000,0x000000071c180000,0x000000071f100000)
 ParOldGen       total 349696K, used 57948K [0x00000005c1200000, 0x00000005d6780000, 0x0000000715b80000)
  object space 349696K, 16% used [0x00000005c1200000,0x00000005c4a971c8,0x00000005d6780000)
 Metaspace       used 22448K, capacity 22718K, committed 23040K, reserved 1069056K
  class space    used 2728K, capacity 2823K, committed 2944K, reserved 1048576K
Event: 8.045 GC heap after
Heap after GC invocations=8 (full 2):
 PSYoungGen      total 125952K, used 0K [0x0000000715b80000, 0x000000072bb80000, 0x00000007c0000000)
  eden space 104448K, 0% used [0x0000000715b80000,0x0000000715b80000,0x000000071c180000)
  from space 21504K, 0% used [0x000000071f100000,0x000000071f100000,0x0000000720600000)
  to   space 48640K, 0% used [0x000000071c180000,0x000000071c180000,0x000000071f100000)
 ParOldGen       total 244736K, used 47050K [0x00000005c1200000, 0x00000005d0100000, 0x0000000715b80000)
  object space 244736K, 19% used [0x00000005c1200000,0x00000005c3ff2ba0,0x00000005d0100000)
 Metaspace       used 22448K, capacity 22718K, committed 23040K, reserved 1069056K
  class space    used 2728K, capacity 2823K, committed 2944K, reserved 1048576K
}
Event: 8.560 GC heap before
{Heap before GC invocations=9 (full 2):
 PSYoungGen      total 125952K, used 104448K [0x0000000715b80000, 0x000000072bb80000, 0x00000007c0000000)
  eden space 104448K, 100% used [0x0000000715b80000,0x000000071c180000,0x000000071c180000)
  from space 21504K, 0% used [0x000000071f100000,0x000000071f100000,0x0000000720600000)
  to   space 48640K, 0% used [0x000000071c180000,0x000000071c180000,0x000000071f100000)
 ParOldGen       total 244736K, used 47050K [0x00000005c1200000, 0x00000005d0100000, 0x0000000715b80000)
  object space 244736K, 19% used [0x00000005c1200000,0x00000005c3ff2ba0,0x00000005d0100000)
 Metaspace       used 23950K, capacity 24228K, committed 24576K, reserved 1071104K
  class space    used 2937K, capacity 3050K, committed 3072K, reserved 1048576K
Event: 8.563 GC heap after
Heap after GC invocations=9 (full 2):
 PSYoungGen      total 153088K, used 3319K [0x0000000715b80000, 0x0000000726780000, 0x00000007c0000000)
  eden space 104448K, 0% used [0x0000000715b80000,0x0000000715b80000,0x000000071c180000)
  from space 48640K, 6% used [0x000000071c180000,0x000000071c4bdfa8,0x000000071f100000)
  to   space 51200K, 0% used [0x0000000723580000,0x0000000723580000,0x0000000726780000)
 ParOldGen       total 244736K, used 47058K [0x00000005c1200000, 0x00000005d0100000, 0x0000000715b80000)
  object space 244736K, 19% used [0x00000005c1200000,0x00000005c3ff4ba0,0x00000005d0100000)
 Metaspace       used 23950K, capacity 24228K, committed 24576K, reserved 1071104K
  class space    used 2937K, capacity 3050K, committed 3072K, reserved 1048576K
}
Event: 8.999 GC heap before
{Heap before GC invocations=10 (full 2):
 PSYoungGen      total 153088K, used 107767K [0x0000000715b80000, 0x0000000726780000, 0x00000007c0000000)
  eden space 104448K, 100% used [0x0000000715b80000,0x000000071c180000,0x000000071c180000)
  from space 48640K, 6% used [0x000000071c180000,0x000000071c4bdfa8,0x000000071f100000)
  to   space 51200K, 0% used [0x0000000723580000,0x0000000723580000,0x0000000726780000)
 ParOldGen       total 244736K, used 47058K [0x00000005c1200000, 0x00000005d0100000, 0x0000000715b80000)
  object space 244736K, 19% used [0x00000005c1200000,0x00000005c3ff4ba0,0x00000005d0100000)
 Metaspace       used 24633K, capacity 24964K, committed 25472K, reserved 1071104K
  class space    used 3057K, capacity 3146K, committed 3200K, reserved 1048576K
Event: 9.004 GC heap after
Heap after GC invocations=10 (full 2):
 PSYoungGen      total 223744K, used 10471K [0x0000000715b80000, 0x0000000726880000, 0x00000007c0000000)
  eden space 172544K, 0% used [0x0000000715b80000,0x0000000715b80000,0x0000000720400000)
  from space 51200K, 20% used [0x0000000723580000,0x0000000723fb9fd0,0x0000000726780000)
  to   space 50688K, 0% used [0x0000000720400000,0x0000000720400000,0x0000000723580000)
 ParOldGen       total 244736K, used 47066K [0x00000005c1200000, 0x00000005d0100000, 0x0000000715b80000)
  object space 244736K, 19% used [0x00000005c1200000,0x00000005c3ff6ba0,0x00000005d0100000)
 Metaspace       used 24633K, capacity 24964K, committed 25472K, reserved 1071104K
  class space    used 3057K, capacity 3146K, committed 3200K, reserved 1048576K
}
Event: 9.738 GC heap before
{Heap before GC invocations=11 (full 2):
 PSYoungGen      total 223744K, used 183015K [0x0000000715b80000, 0x0000000726880000, 0x00000007c0000000)
  eden space 172544K, 100% used [0x0000000715b80000,0x0000000720400000,0x0000000720400000)
  from space 51200K, 20% used [0x0000000723580000,0x0000000723fb9fd0,0x0000000726780000)
  to   space 50688K, 0% used [0x0000000720400000,0x0000000720400000,0x0000000723580000)
 ParOldGen       total 244736K, used 47066K [0x00000005c1200000, 0x00000005d0100000, 0x0000000715b80000)
  object space 244736K, 19% used [0x00000005c1200000,0x00000005c3ff6ba0,0x00000005d0100000)
 Metaspace       used 26405K, capacity 26698K, committed 27136K, reserved 1073152K
  class space    used 3436K, capacity 3531K, committed 3584K, reserved 1048576K
Event: 9.747 GC heap after
Heap after GC invocations=11 (full 2):
 PSYoungGen      total 223232K, used 19365K [0x0000000715b80000, 0x000000072d380000, 0x00000007c0000000)
  eden space 172544K, 0% used [0x0000000715b80000,0x0000000715b80000,0x0000000720400000)
  from space 50688K, 38% used [0x0000000720400000,0x00000007216e9428,0x0000000723580000)
  to   space 48128K, 0% used [0x000000072a480000,0x000000072a480000,0x000000072d380000)
 ParOldGen       total 244736K, used 47074K [0x00000005c1200000, 0x00000005d0100000, 0x0000000715b80000)
  object space 244736K, 19% used [0x00000005c1200000,0x00000005c3ff8ba0,0x00000005d0100000)
 Metaspace       used 26405K, capacity 26698K, committed 27136K, reserved 1073152K
  class space    used 3436K, capacity 3531K, committed 3584K, reserved 1048576K
}
Event: 10.626 GC heap before
{Heap before GC invocations=12 (full 2):
 PSYoungGen      total 223232K, used 191909K [0x0000000715b80000, 0x000000072d380000, 0x00000007c0000000)
  eden space 172544K, 100% used [0x0000000715b80000,0x0000000720400000,0x0000000720400000)
  from space 50688K, 38% used [0x0000000720400000,0x00000007216e9428,0x0000000723580000)
  to   space 48128K, 0% used [0x000000072a480000,0x000000072a480000,0x000000072d380000)
 ParOldGen       total 244736K, used 47074K [0x00000005c1200000, 0x00000005d0100000, 0x0000000715b80000)
  object space 244736K, 19% used [0x00000005c1200000,0x00000005c3ff8ba0,0x00000005d0100000)
 Metaspace       used 29218K, capacity 29546K, committed 30080K, reserved 1075200K
  class space    used 4015K, capacity 4139K, committed 4224K, reserved 1048576K
Event: 10.637 GC heap after
Heap after GC invocations=12 (full 2):
 PSYoungGen      total 265728K, used 21699K [0x0000000715b80000, 0x000000072ba00000, 0x00000007c0000000)
  eden space 243712K, 0% used [0x0000000715b80000,0x0000000715b80000,0x0000000724980000)
  from space 22016K, 98% used [0x000000072a480000,0x000000072b9b0f80,0x000000072ba00000)
  to   space 45568K, 0% used [0x0000000726100000,0x0000000726100000,0x0000000728d80000)
 ParOldGen       total 244736K, used 48749K [0x00000005c1200000, 0x00000005d0100000, 0x0000000715b80000)
  object space 244736K, 19% used [0x00000005c1200000,0x00000005c419b4d0,0x00000005d0100000)
 Metaspace       used 29218K, capacity 29546K, committed 30080K, reserved 1075200K
  class space    used 4015K, capacity 4139K, committed 4224K, reserved 1048576K
}

